<?xml version="1.0" encoding="UTF-8"?>
<testsuite xmlns:xsi="http://www.w3.org/2001/XMLSchema-instance" xsi:noNamespaceSchemaLocation="https://maven.apache.org/surefire/maven-surefire-plugin/xsd/surefire-test-report-3.0.xsd" version="3.0" name="com.xiaomiev.batterywarningsystem.repository.VehicleRepositoryTest" time="0.312" tests="4" errors="0" skipped="0" failures="0">
  <properties>
[...]
</properties>
  <testcase name="testFindByCarId_WithNonExistentCarId_ShouldReturnNull" classname="com.xiaomiev.batterywarningsystem.repository.VehicleRepositoryTest" time="0.194">
    <system-out><![CDATA[2024-06-18T21:00:45.364+08:00  INFO 29328 --- [BatteryWarningSystem] [           main] t.c.s.AnnotationConfigContextLoaderUtils : Could not detect default configuration classes for test class [com.xiaomiev.batterywarningsystem.repository.VehicleRepositoryTest]: VehicleRepositoryTest does not declare any static, non-private, non-final, nested classes annotated with @Configuration.
2024-06-18T21:00:45.381+08:00  INFO 29328 --- [BatteryWarningSystem] [           main] .b.t.c.SpringBootTestContextBootstrapper : Found @SpringBootConfiguration com.xiaomiev.batterywarningsystem.BatteryWarningSystemApplication for test class com.xiaomiev.batterywarningsystem.repository.VehicleRepositoryTest
]]></system-out>
  </testcase>
  <testcase name="testFindByCarId_WithValidCarId_ShouldReturnVehicle" classname="com.xiaomiev.batterywarningsystem.repository.VehicleRepositoryTest" time="0.079"/>
  <testcase name="testFindByCarId_WithMinCarId_ShouldReturnNull" classname="com.xiaomiev.batterywarningsystem.repository.VehicleRepositoryTest" time="0.004"/>
  <testcase name="testFindByCarId_WithMaxCarId_ShouldReturnVehicle" classname="com.xiaomiev.batterywarningsystem.repository.VehicleRepositoryTest" time="0.008"/>
</testsuite>