<?xml version="1.0" encoding="UTF-8"?>
<testsuite xmlns:xsi="http://www.w3.org/2001/XMLSchema-instance" xsi:noNamespaceSchemaLocation="https://maven.apache.org/surefire/maven-surefire-plugin/xsd/surefire-test-report-3.0.xsd" version="3.0" name="com.xiaomiev.batterywarningsystem.BatteryWarningSystemApplicationTests" time="5.23" tests="1" errors="0" skipped="0" failures="0">
  <properties>
[...]
</properties>
  <testcase name="contextLoads" classname="com.xiaomiev.batterywarningsystem.BatteryWarningSystemApplicationTests" time="0.429">
    <system-out><![CDATA[21:00:40.271 [main] INFO org.springframework.test.context.support.AnnotationConfigContextLoaderUtils -- Could not detect default configuration classes for test class [com.xiaomiev.batterywarningsystem.BatteryWarningSystemApplicationTests]: BatteryWarningSystemApplicationTests does not declare any static, non-private, non-final, nested classes annotated with @Configuration.
21:00:40.360 [main] INFO org.springframework.boot.test.context.SpringBootTestContextBootstrapper -- Found @SpringBootConfiguration com.xiaomiev.batterywarningsystem.BatteryWarningSystemApplication for test class com.xiaomiev.batterywarningsystem.BatteryWarningSystemApplicationTests
21:00:40.545 [main] INFO org.springframework.boot.devtools.restart.RestartApplicationListener -- Restart disabled due to context in which it is running
  .   ____          _            __ _ _
 /\\ / ___'_ __ _ _(_)_ __  __ _ \ \ \ \
( ( )\___ | '_ | '_| | '_ \/ _` | \ \ \ \
 \\/  ___)| |_)| | | | | || (_| |  ) ) ) )
  '  |____| .__|_| |_|_| |_\__, | / / / /
 =========|_|==============|___/=/_/_/_/

 :: Spring Boot ::                (v3.3.0)

2024-06-18T21:00:40.805+08:00  INFO 29328 --- [BatteryWarningSystem] [           main] x.b.BatteryWarningSystemApplicationTests : Starting BatteryWarningSystemApplicationTests using Java 17.0.10 with PID 29328 (started by zs in D:\Project\Java_Project\BatteryWarningSystem)
2024-06-18T21:00:40.807+08:00  INFO 29328 --- [BatteryWarningSystem] [           main] x.b.BatteryWarningSystemApplicationTests : No active profile set, falling back to 1 default profile: "default"
2024-06-18T21:00:41.544+08:00  INFO 29328 --- [BatteryWarningSystem] [           main] .s.d.r.c.RepositoryConfigurationDelegate : Multiple Spring Data modules found, entering strict repository configuration mode
2024-06-18T21:00:41.546+08:00  INFO 29328 --- [BatteryWarningSystem] [           main] .s.d.r.c.RepositoryConfigurationDelegate : Bootstrapping Spring Data JPA repositories in DEFAULT mode.
2024-06-18T21:00:41.697+08:00  INFO 29328 --- [BatteryWarningSystem] [           main] .s.d.r.c.RepositoryConfigurationDelegate : Finished Spring Data repository scanning in 139 ms. Found 2 JPA repository interfaces.
2024-06-18T21:00:41.711+08:00  INFO 29328 --- [BatteryWarningSystem] [           main] .s.d.r.c.RepositoryConfigurationDelegate : Multiple Spring Data modules found, entering strict repository configuration mode
2024-06-18T21:00:41.712+08:00  INFO 29328 --- [BatteryWarningSystem] [           main] .s.d.r.c.RepositoryConfigurationDelegate : Bootstrapping Spring Data Redis repositories in DEFAULT mode.
2024-06-18T21:00:41.724+08:00  INFO 29328 --- [BatteryWarningSystem] [           main] .RepositoryConfigurationExtensionSupport : Spring Data Redis - Could not safely identify store assignment for repository candidate interface com.xiaomiev.batterywarningsystem.repository.VehicleRepository; If you want this repository to be a Redis repository, consider annotating your entities with one of these annotations: org.springframework.data.redis.core.RedisHash (preferred), or consider extending one of the following types with your repository: org.springframework.data.keyvalue.repository.KeyValueRepository
2024-06-18T21:00:41.724+08:00  INFO 29328 --- [BatteryWarningSystem] [           main] .RepositoryConfigurationExtensionSupport : Spring Data Redis - Could not safely identify store assignment for repository candidate interface com.xiaomiev.batterywarningsystem.repository.WarnRepository; If you want this repository to be a Redis repository, consider annotating your entities with one of these annotations: org.springframework.data.redis.core.RedisHash (preferred), or consider extending one of the following types with your repository: org.springframework.data.keyvalue.repository.KeyValueRepository
2024-06-18T21:00:41.724+08:00  INFO 29328 --- [BatteryWarningSystem] [           main] .s.d.r.c.RepositoryConfigurationDelegate : Finished Spring Data repository scanning in 5 ms. Found 0 Redis repository interfaces.
2024-06-18T21:00:42.196+08:00  INFO 29328 --- [BatteryWarningSystem] [           main] o.hibernate.jpa.internal.util.LogHelper  : HHH000204: Processing PersistenceUnitInfo [name: default]
2024-06-18T21:00:42.262+08:00  INFO 29328 --- [BatteryWarningSystem] [           main] org.hibernate.Version                    : HHH000412: Hibernate ORM core version 6.5.2.Final
2024-06-18T21:00:42.317+08:00  INFO 29328 --- [BatteryWarningSystem] [           main] o.h.c.internal.RegionFactoryInitiator    : HHH000026: Second-level cache disabled
2024-06-18T21:00:42.714+08:00  INFO 29328 --- [BatteryWarningSystem] [           main] o.s.o.j.p.SpringPersistenceUnitInfo      : No LoadTimeWeaver setup: ignoring JPA class transformer
2024-06-18T21:00:42.742+08:00  INFO 29328 --- [BatteryWarningSystem] [           main] com.zaxxer.hikari.HikariDataSource       : HikariPool-1 - Starting...
2024-06-18T21:00:42.890+08:00  INFO 29328 --- [BatteryWarningSystem] [           main] com.zaxxer.hikari.pool.HikariPool        : HikariPool-1 - Added connection com.mysql.cj.jdbc.ConnectionImpl@2c668c2a
2024-06-18T21:00:42.892+08:00  INFO 29328 --- [BatteryWarningSystem] [           main] com.zaxxer.hikari.HikariDataSource       : HikariPool-1 - Start completed.
2024-06-18T21:00:43.663+08:00  INFO 29328 --- [BatteryWarningSystem] [           main] o.h.e.t.j.p.i.JtaPlatformInitiator       : HHH000489: No JTA platform available (set 'hibernate.transaction.jta.platform' to enable JTA platform integration)
2024-06-18T21:00:43.709+08:00  INFO 29328 --- [BatteryWarningSystem] [           main] j.LocalContainerEntityManagerFactoryBean : Initialized JPA EntityManagerFactory for persistence unit 'default'
2024-06-18T21:00:44.485+08:00  WARN 29328 --- [BatteryWarningSystem] [           main] JpaBaseConfiguration$JpaWebConfiguration : spring.jpa.open-in-view is enabled by default. Therefore, database queries may be performed during view rendering. Explicitly configure spring.jpa.open-in-view to disable this warning
2024-06-18T21:00:44.506+08:00  INFO 29328 --- [BatteryWarningSystem] [           main] o.s.b.a.w.s.WelcomePageHandlerMapping    : Adding welcome page: class path resource [static/index.html]
2024-06-18T21:00:44.773+08:00  WARN 29328 --- [BatteryWarningSystem] [           main] ion$DefaultTemplateResolverConfiguration : Cannot find template location: classpath:/templates/ (please add some templates, check your Thymeleaf configuration, or set spring.thymeleaf.check-template-location=false)
2024-06-18T21:00:44.906+08:00  INFO 29328 --- [BatteryWarningSystem] [           main] x.b.BatteryWarningSystemApplicationTests : Started BatteryWarningSystemApplicationTests in 4.372 seconds (process running for 5.291)
]]></system-out>
  </testcase>
</testsuite>